TN:
SF:kata\ScoreKeeper.js
FN:2,<instance_members_initializer>
FN:5,log
FN:9,getScore
FN:13,buildStringScore
FN:18,scoreTeamA1
FN:21,scoreTeamA2
FN:24,scoreTeamA3
FN:27,scoreTeamB1
FN:30,scoreTeamB2
FN:33,scoreTeamB3
FN:36,handleScoreTeam
FNF:11
FNH:11
FNDA:1,<instance_members_initializer>
FNDA:1,log
FNDA:5,getScore
FNDA:5,buildStringScore
FNDA:3,scoreTeamA1
FNDA:2,scoreTeamA2
FNDA:2,scoreTeamA3
FNDA:3,scoreTeamB1
FNDA:3,scoreTeamB2
FNDA:3,scoreTeamB3
FNDA:16,handleScoreTeam
DA:1,1
DA:2,1
DA:3,1
DA:4,1
DA:5,1
DA:6,1
DA:7,1
DA:8,1
DA:9,1
DA:10,5
DA:11,5
DA:12,5
DA:13,1
DA:14,5
DA:15,5
DA:16,5
DA:17,5
DA:18,1
DA:19,3
DA:20,3
DA:21,1
DA:22,2
DA:23,2
DA:24,1
DA:25,2
DA:26,2
DA:27,1
DA:28,3
DA:29,3
DA:30,1
DA:31,3
DA:32,3
DA:33,1
DA:34,3
DA:35,3
DA:36,1
DA:37,16
DA:38,16
DA:39,1
DA:40,1
DA:41,1
LF:41
LH:41
BRDA:2,0,0,1
BRDA:5,1,0,1
BRDA:9,2,0,5
BRDA:13,3,0,5
BRDA:18,4,0,3
BRDA:21,5,0,2
BRDA:24,6,0,2
BRDA:27,7,0,3
BRDA:30,8,0,3
BRDA:33,9,0,3
BRDA:36,10,0,16
BRF:11
BRH:11
end_of_record
